<?xml version="1.0" encoding="UTF-8"?>
<testsuite xmlns:xsi="http://www.w3.org/2001/XMLSchema-instance" xsi:schemaLocation="https://maven.apache.org/surefire/maven-surefire-plugin/xsd/surefire-test-report.xsd" name="org.tobedefined.ntbcvariantbox.storage.mongodb.curatedvariant.adaptors.CuratedVariantMongoDBAdapterTest" time="30.961" tests="1" errors="1" skipped="0" failures="0">
  <properties>
[...]
</properties>
  <testcase name="testSimpleInsert" classname="org.tobedefined.ntbcvariantbox.storage.mongodb.curatedvariant.adaptors.CuratedVariantMongoDBAdapterTest" time="30.862">
    <error message="Timed out after 30000 ms while waiting for a server that matches WritableServerSelector. Client view of cluster state is {type=UNKNOWN, servers=[{address=127.0.0.1:27017, type=UNKNOWN, state=CONNECTING, exception={com.mongodb.MongoSecurityException: Exception authenticating MongoCredential{mechanism=SCRAM-SHA-1, userName=&apos;test&apos;, source=&apos;&apos;, password=&lt;hidden&gt;, mechanismProperties={}}}, caused by {com.mongodb.MongoCommandException: Command failed with error 73: &apos;Invalid database name: &apos;&apos;&apos; on server 127.0.0.1:27017. The full response is { &quot;ok&quot; : 0.0, &quot;errmsg&quot; : &quot;Invalid database name: &apos;&apos;&quot;, &quot;code&quot; : 73, &quot;codeName&quot; : &quot;InvalidNamespace&quot; }}}]" type="com.mongodb.MongoTimeoutException"><![CDATA[com.mongodb.MongoTimeoutException: Timed out after 30000 ms while waiting for a server that matches WritableServerSelector. Client view of cluster state is {type=UNKNOWN, servers=[{address=127.0.0.1:27017, type=UNKNOWN, state=CONNECTING, exception={com.mongodb.MongoSecurityException: Exception authenticating MongoCredential{mechanism=SCRAM-SHA-1, userName='test', source='', password=<hidden>, mechanismProperties={}}}, caused by {com.mongodb.MongoCommandException: Command failed with error 73: 'Invalid database name: ''' on server 127.0.0.1:27017. The full response is { "ok" : 0.0, "errmsg" : "Invalid database name: ''", "code" : 73, "codeName" : "InvalidNamespace" }}}]
	at org.tobedefined.ntbcvariantbox.storage.mongodb.curatedvariant.adaptors.CuratedVariantMongoDBAdapterTest.testSimpleInsert(CuratedVariantMongoDBAdapterTest.java:53)
]]></error>
    <system-err><![CDATA[SLF4J: Class path contains multiple SLF4J bindings.
SLF4J: Found binding in [jar:file:/home/priesgo/.m2/repository/org/slf4j/slf4j-simple/1.7.21/slf4j-simple-1.7.21.jar!/org/slf4j/impl/StaticLoggerBinder.class]
SLF4J: Found binding in [jar:file:/home/priesgo/.m2/repository/org/slf4j/slf4j-log4j12/1.7.21/slf4j-log4j12-1.7.21.jar!/org/slf4j/impl/StaticLoggerBinder.class]
SLF4J: See http://www.slf4j.org/codes.html#multiple_bindings for an explanation.
SLF4J: Actual binding is of type [org.slf4j.impl.SimpleLoggerFactory]
[main] INFO org.mongodb.driver.cluster - Cluster created with settings {hosts=[127.0.0.1:27017], mode=SINGLE, requiredClusterType=UNKNOWN, serverSelectionTimeout='30000 ms', maxWaitQueueSize=100}
[cluster-ClusterId{value='5872bad8a755086160f5ae0e', description='null'}-127.0.0.1:27017] INFO org.mongodb.driver.cluster - Exception in monitor thread while connecting to server 127.0.0.1:27017
com.mongodb.MongoSecurityException: Exception authenticating MongoCredential{mechanism=SCRAM-SHA-1, userName='test', source='', password=<hidden>, mechanismProperties={}}
	at com.mongodb.connection.SaslAuthenticator.authenticate(SaslAuthenticator.java:61)
	at com.mongodb.connection.InternalStreamConnectionInitializer.authenticateAll(InternalStreamConnectionInitializer.java:99)
	at com.mongodb.connection.InternalStreamConnectionInitializer.initialize(InternalStreamConnectionInitializer.java:44)
	at com.mongodb.connection.InternalStreamConnection.open(InternalStreamConnection.java:115)
	at com.mongodb.connection.DefaultServerMonitor$ServerMonitorRunnable.run(DefaultServerMonitor.java:128)
	at java.lang.Thread.run(Thread.java:745)
Caused by: com.mongodb.MongoCommandException: Command failed with error 73: 'Invalid database name: ''' on server 127.0.0.1:27017. The full response is { "ok" : 0.0, "errmsg" : "Invalid database name: ''", "code" : 73, "codeName" : "InvalidNamespace" }
	at com.mongodb.connection.CommandHelper.createCommandFailureException(CommandHelper.java:170)
	at com.mongodb.connection.CommandHelper.receiveCommandResult(CommandHelper.java:123)
	at com.mongodb.connection.CommandHelper.executeCommand(CommandHelper.java:32)
	at com.mongodb.connection.SaslAuthenticator.sendSaslStart(SaslAuthenticator.java:95)
	at com.mongodb.connection.SaslAuthenticator.authenticate(SaslAuthenticator.java:45)
	... 5 more
[main] INFO org.mongodb.driver.cluster - No server chosen by WritableServerSelector from cluster description ClusterDescription{type=UNKNOWN, connectionMode=SINGLE, all=[ServerDescription{address=127.0.0.1:27017, type=UNKNOWN, state=CONNECTING, exception={com.mongodb.MongoSecurityException: Exception authenticating MongoCredential{mechanism=SCRAM-SHA-1, userName='test', source='', password=<hidden>, mechanismProperties={}}}, caused by {com.mongodb.MongoCommandException: Command failed with error 73: 'Invalid database name: ''' on server 127.0.0.1:27017. The full response is { "ok" : 0.0, "errmsg" : "Invalid database name: ''", "code" : 73, "codeName" : "InvalidNamespace" }}}]}. Waiting for 30000 ms before timing out
]]></system-err>
  </testcase>
</testsuite>